-------------------------------------------------------------------------------
Test set: springframework.JavaCurryPetClinicApplicationTests
-------------------------------------------------------------------------------
Tests run: 1, Failures: 0, Errors: 1, Skipped: 0, Time elapsed: 0.196 s <<< FAILURE! - in springframework.JavaCurryPetClinicApplicationTests
springframework.JavaCurryPetClinicApplicationTests  Time elapsed: 0.195 s  <<< ERROR!
java.lang.IllegalStateException: Unable to find a @SpringBootConfiguration, you need to use @ContextConfiguration or @SpringBootTest(classes=...) with your test

